# JRE version: OpenJDK Runtime Environment (8.0_112-b06) (build 1.8.0_112-release-b06)
# Java VM: OpenJDK 64-Bit Server VM (25.112-b06 mixed mode windows-amd64 compressed oops)
Heap:
 PSYoungGen      total 222720K, used 115185K [0x00000000eab00000, 0x0000000100000000, 0x0000000100000000)
  eden space 114688K, 16% used [0x00000000eab00000,0x00000000ebd01148,0x00000000f1b00000)
  from space 108032K, 89% used [0x00000000f8c80000,0x00000000feafb460,0x00000000ff600000)
  to   space 116224K, 0% used [0x00000000f1b00000,0x00000000f1b00000,0x00000000f8c80000)
 ParOldGen       total 382976K, used 227870K [0x00000000c0000000, 0x00000000d7600000, 0x00000000eab00000)
  object space 382976K, 59% used [0x00000000c0000000,0x00000000cde87ac0,0x00000000d7600000)
 Metaspace       used 6471K, capacity 7220K, committed 7296K, reserved 1056768K
  class space    used 598K, capacity 620K, committed 640K, reserved 1048576K
GC Heap History (10 events):
Event: 16.684 GC heap before
{Heap before GC invocations=14 (full 3):
 PSYoungGen      total 232960K, used 63077K [0x00000000eab00000, 0x0000000100000000, 0x0000000100000000)
  eden space 116736K, 0% used [0x00000000eab00000,0x00000000eab00000,0x00000000f1d00000)
  from space 116224K, 54% used [0x00000000f1d00000,0x00000000f5a996d0,0x00000000f8e80000)
  to   space 116224K, 0% used [0x00000000f8e80000,0x00000000f8e80000,0x0000000100000000)
 ParOldGen       total 333312K, used 326577K [0x00000000c0000000, 0x00000000d4580000, 0x00000000eab00000)
  object space 333312K, 97% used [0x00000000c0000000,0x00000000d3eec508,0x00000000d4580000)
 Metaspace       used 6443K, capacity 7154K, committed 7296K, reserved 1056768K
  class space    used 595K, capacity 618K, committed 640K, reserved 1048576K
Event: 18.012 GC heap after
Heap after GC invocations=14 (full 3):
 PSYoungGen      total 232960K, used 0K [0x00000000eab00000, 0x0000000100000000, 0x0000000100000000)
  eden space 116736K, 0% used [0x00000000eab00000,0x00000000eab00000,0x00000000f1d00000)
  from space 116224K, 0% used [0x00000000f1d00000,0x00000000f1d00000,0x00000000f8e80000)
  to   space 116224K, 0% used [0x00000000f8e80000,0x00000000f8e80000,0x0000000100000000)
 ParOldGen       total 382976K, used 175065K [0x00000000c0000000, 0x00000000d7600000, 0x00000000eab00000)
  object space 382976K, 45% used [0x00000000c0000000,0x00000000caaf6560,0x00000000d7600000)
 Metaspace       used 6443K, capacity 7154K, committed 7296K, reserved 1056768K
  class space    used 595K, capacity 618K, committed 640K, reserved 1048576K
}
Event: 18.398 GC heap before
{Heap before GC invocations=15 (full 3):
 PSYoungGen      total 232960K, used 116736K [0x00000000eab00000, 0x0000000100000000, 0x0000000100000000)
  eden space 116736K, 100% used [0x00000000eab00000,0x00000000f1d00000,0x00000000f1d00000)
  from space 116224K, 0% used [0x00000000f1d00000,0x00000000f1d00000,0x00000000f8e80000)
  to   space 116224K, 0% used [0x00000000f8e80000,0x00000000f8e80000,0x0000000100000000)
 ParOldGen       total 382976K, used 175065K [0x00000000c0000000, 0x00000000d7600000, 0x00000000eab00000)
  object space 382976K, 45% used [0x00000000c0000000,0x00000000caaf6560,0x00000000d7600000)
 Metaspace       used 6445K, capacity 7154K, committed 7296K, reserved 1056768K
  class space    used 595K, capacity 618K, committed 640K, reserved 1048576K
Event: 18.441 GC heap after
Heap after GC invocations=15 (full 3):
 PSYoungGen      total 232960K, used 51407K [0x00000000eab00000, 0x0000000100000000, 0x0000000100000000)
  eden space 116736K, 0% used [0x00000000eab00000,0x00000000eab00000,0x00000000f1d00000)
  from space 116224K, 44% used [0x00000000f8e80000,0x00000000fc0b3d90,0x0000000100000000)
  to   space 116224K, 0% used [0x00000000f1d00000,0x00000000f1d00000,0x00000000f8e80000)
 ParOldGen       total 382976K, used 175073K [0x00000000c0000000, 0x00000000d7600000, 0x00000000eab00000)
  object space 382976K, 45% used [0x00000000c0000000,0x00000000caaf8560,0x00000000d7600000)
 Metaspace       used 6445K, capacity 7154K, committed 7296K, reserved 1056768K
  class space    used 595K, capacity 618K, committed 640K, reserved 1048576K
}
Event: 18.664 GC heap before
{Heap before GC invocations=16 (full 3):
 PSYoungGen      total 232960K, used 168143K [0x00000000eab00000, 0x0000000100000000, 0x0000000100000000)
  eden space 116736K, 100% used [0x00000000eab00000,0x00000000f1d00000,0x00000000f1d00000)
  from space 116224K, 44% used [0x00000000f8e80000,0x00000000fc0b3d90,0x0000000100000000)
  to   space 116224K, 0% used [0x00000000f1d00000,0x00000000f1d00000,0x00000000f8e80000)
 ParOldGen       total 382976K, used 175073K [0x00000000c0000000, 0x00000000d7600000, 0x00000000eab00000)
  object space 382976K, 45% used [0x00000000c0000000,0x00000000caaf8560,0x00000000d7600000)
 Metaspace       used 6447K, capacity 7218K, committed 7296K, reserved 1056768K
  class space    used 595K, capacity 618K, committed 640K, reserved 1048576K
Event: 18.764 GC heap after
Heap after GC invocations=16 (full 3):
 PSYoungGen      total 161792K, used 44589K [0x00000000eab00000, 0x00000000ffc00000, 0x0000000100000000)
  eden space 116736K, 0% used [0x00000000eab00000,0x00000000eab00000,0x00000000f1d00000)
  from space 45056K, 98% used [0x00000000f1d00000,0x00000000f488b6b0,0x00000000f4900000)
  to   space 114176K, 0% used [0x00000000f8c80000,0x00000000f8c80000,0x00000000ffc00000)
 ParOldGen       total 382976K, used 227854K [0x00000000c0000000, 0x00000000d7600000, 0x00000000eab00000)
  object space 382976K, 59% used [0x00000000c0000000,0x00000000cde83ac0,0x00000000d7600000)
 Metaspace       used 6447K, capacity 7218K, committed 7296K, reserved 1056768K
  class space    used 595K, capacity 618K, committed 640K, reserved 1048576K
}
Event: 19.086 GC heap before
{Heap before GC invocations=17 (full 3):
 PSYoungGen      total 161792K, used 161325K [0x00000000eab00000, 0x00000000ffc00000, 0x0000000100000000)
  eden space 116736K, 100% used [0x00000000eab00000,0x00000000f1d00000,0x00000000f1d00000)
  from space 45056K, 98% used [0x00000000f1d00000,0x00000000f488b6b0,0x00000000f4900000)
  to   space 114176K, 0% used [0x00000000f8c80000,0x00000000f8c80000,0x00000000ffc00000)
 ParOldGen       total 382976K, used 227854K [0x00000000c0000000, 0x00000000d7600000, 0x00000000eab00000)
  object space 382976K, 59% used [0x00000000c0000000,0x00000000cde83ac0,0x00000000d7600000)
 Metaspace       used 6454K, capacity 7218K, committed 7296K, reserved 1056768K
  class space    used 595K, capacity 618K, committed 640K, reserved 1048576K
Event: 19.194 GC heap after
Heap after GC invocations=17 (full 3):
 PSYoungGen      total 232960K, used 63359K [0x00000000eab00000, 0x0000000100000000, 0x0000000100000000)
  eden space 118784K, 0% used [0x00000000eab00000,0x00000000eab00000,0x00000000f1f00000)
  from space 114176K, 55% used [0x00000000f8c80000,0x00000000fca5fde0,0x00000000ffc00000)
  to   space 112128K, 0% used [0x00000000f1f00000,0x00000000f1f00000,0x00000000f8c80000)
 ParOldGen       total 382976K, used 227854K [0x00000000c0000000, 0x00000000d7600000, 0x00000000eab00000)
  object space 382976K, 59% used [0x00000000c0000000,0x00000000cde83ac0,0x00000000d7600000)
 Metaspace       used 6454K, capacity 7218K, committed 7296K, reserved 1056768K
  class space    used 595K, capacity 618K, committed 640K, reserved 1048576K
}
Event: 19.684 GC heap before
{Heap before GC invocations=18 (full 3):
 PSYoungGen      total 232960K, used 182143K [0x00000000eab00000, 0x0000000100000000, 0x0000000100000000)
  eden space 118784K, 100% used [0x00000000eab00000,0x00000000f1f00000,0x00000000f1f00000)
  from space 114176K, 55% used [0x00000000f8c80000,0x00000000fca5fde0,0x00000000ffc00000)
  to   space 112128K, 0% used [0x00000000f1f00000,0x00000000f1f00000,0x00000000f8c80000)
 ParOldGen       total 382976K, used 227854K [0x00000000c0000000, 0x00000000d7600000, 0x00000000eab00000)
  object space 382976K, 59% used [0x00000000c0000000,0x00000000cde83ac0,0x00000000d7600000)
 Metaspace       used 6460K, capacity 7218K, committed 7296K, reserved 1056768K
  class space    used 595K, capacity 618K, committed 640K, reserved 1048576K
Event: 19.772 GC heap after
Heap after GC invocations=18 (full 3):
 PSYoungGen      total 230912K, used 56589K [0x00000000eab00000, 0x00000000ff600000, 0x0000000100000000)
  eden space 118784K, 0% used [0x00000000eab00000,0x00000000eab00000,0x00000000f1f00000)
  from space 112128K, 50% used [0x00000000f1f00000,0x00000000f5643618,0x00000000f8c80000)
  to   space 108032K, 0% used [0x00000000f8c80000,0x00000000f8c80000,0x00000000ff600000)
 ParOldGen       total 382976K, used 227862K [0x00000000c0000000, 0x00000000d7600000, 0x00000000eab00000)
  object space 382976K, 59% used [0x00000000c0000000,0x00000000cde85ac0,0x00000000d7600000)
 Metaspace       used 6460K, capacity 7218K, committed 7296K, reserved 1056768K
  class space    used 595K, capacity 618K, committed 640K, reserved 1048576K
}

